2025-02-20 16:50:38 -  - exec CUpdateClientPartner::__CollectRequestData
2025-02-20 16:50:38 -  - exec CUpdateClientPartner::GetHTTPPage
2025-02-20 16:50:39 -  - exec CUpdateClientPartner::ParseServerData
2025-02-20 16:50:39 -  - exec CUpdateClientPartner::GetUpdatesList
2025-02-20 16:50:39 -  - exec CUpdateClientPartner::__CollectRequestData
2025-02-20 16:50:39 -  - utf=Y&lang=ru&stable=Y&CANGZIP=Y&SUPD_DBS=MYSQL&XE=N&CLIENT_SITE=konev.study.mcart.ru&LICENSE_KEY=X&SUPD_STS=1&SUPD_URS=0&TYPENC=D&CLIENT_PHPVER=8.1.31&NGINX=Y&dbv=8.0.40&instm=main%2C24.0.796%2CY%3Bfileman%2C24.100.0%2CN%3Bmobileapp%2C24.0.0%2CN%3Bsubscribe%2C24.0.0%2CN%3Bmessageservice%2C24.500.0%2CN%3Bclouds%2C24.100.0%2CN%3Bperfmon%2C24.0.0%2CN%3Blocation%2C24.100.0%2CN%3Btranslate%2C24.0.0%2CN%3Bsecurity%2C24.0.0%2CN%3Bseo%2C24.300.0%2CN%3Bblog%2C24.0.0%2CN%3Biblock%2C24.0.200%2CN%3Bhighloadblock%2C24.0.201%2CN%3Blanding%2C24.400.300%2CN%3Bforum%2C24.100.300%2CN%3Bbitrix.sitecorporate%2C24.0.0%2CN%3Bform%2C24.0.0%2CN%3Bphotogallery%2C24.100.0%2CN%3Bb24connector%2C24.0.0%2CN%3Bbitrixcloud%2C24.0.0%2CN%3Bsocialservices%2C24.0.200%2CN%3Bsearch%2C24.0.0%2CN%3Bvote%2C24.0.0%2CN%3Bui%2C24.300.0%2CN%3Brest%2C24.500.0%2CN&reqm=bitrix.sitecorporate&fullmoduleinfo=Y&SUPD_SRS=RU&SUPD_CMP=N
2025-02-20 16:50:39 -  - exec CUpdateClientPartner::GetHTTPPage
2025-02-20 16:50:39 -  - TIME GetUpdatesList(request) 0.164 sec
2025-02-20 16:50:39 -  - exec CUpdateClientPartner::ParseServerData
2025-02-20 16:50:39 -  - exec CUpdateClientPartner::__CollectRequestData
2025-02-20 16:50:39 -  - exec CUpdateClientPartner::GetHTTPPage
2025-02-20 16:50:39 -  - exec CUpdateClientPartner::ParseServerData
2025-02-20 17:55:07 -  - exec CUpdateClientPartner::GetUpdatesList
2025-02-20 17:55:07 -  - exec CUpdateClientPartner::__CollectRequestData
2025-02-20 17:55:07 -  - utf=Y&lang=ru&stable=Y&CANGZIP=Y&SUPD_DBS=MYSQL&XE=N&CLIENT_SITE=konev.study.mcart.ru&LICENSE_KEY=X&SUPD_STS=1&SUPD_URS=0&TYPENC=D&CLIENT_PHPVER=8.1.31&NGINX=Y&dbv=8.0.40&instm=main%2C24.0.796%2CY%3Bfileman%2C24.100.0%2CN%3Bmobileapp%2C24.0.0%2CN%3Bsubscribe%2C24.0.0%2CN%3Bmessageservice%2C24.500.0%2CN%3Bclouds%2C24.100.0%2CN%3Bperfmon%2C24.0.0%2CN%3Blocation%2C24.100.0%2CN%3Btranslate%2C24.0.0%2CN%3Bsecurity%2C24.0.0%2CN%3Bseo%2C24.300.0%2CN%3Bblog%2C24.0.0%2CN%3Biblock%2C24.0.200%2CN%3Bhighloadblock%2C24.0.201%2CN%3Blanding%2C24.400.300%2CN%3Bforum%2C24.100.300%2CN%3Bbitrix.sitecorporate%2C24.0.0%2CN%3Bform%2C24.0.0%2CN%3Bphotogallery%2C24.100.0%2CN%3Bb24connector%2C24.0.0%2CN%3Bbitrixcloud%2C24.0.0%2CN%3Bsocialservices%2C24.0.200%2CN%3Bsearch%2C24.0.0%2CN%3Bvote%2C24.0.0%2CN%3Bui%2C24.300.0%2CN%3Brest%2C24.500.0%2CN&reqm=bitrix.sitecorporate&fullmoduleinfo=Y&SUPD_SRS=RU&SUPD_CMP=N
2025-02-20 17:55:07 -  - exec CUpdateClientPartner::GetHTTPPage
2025-02-20 17:55:07 -  - TIME GetUpdatesList(request) 0.166 sec
2025-02-20 17:55:07 -  - exec CUpdateClientPartner::ParseServerData
2025-02-20 17:55:21 -  - exec CUpdateClientPartner::GetUpdatesList
2025-02-20 17:55:21 -  - exec CUpdateClientPartner::__CollectRequestData
2025-02-20 17:55:21 -  - utf=Y&lang=ru&stable=Y&CANGZIP=Y&SUPD_DBS=MYSQL&XE=N&CLIENT_SITE=konev.study.mcart.ru&LICENSE_KEY=X&SUPD_STS=1&SUPD_URS=0&TYPENC=D&CLIENT_PHPVER=8.1.31&NGINX=Y&dbv=8.0.40&instm=main%2C24.0.796%2CY%3Bfileman%2C24.100.0%2CN%3Bmobileapp%2C24.0.0%2CN%3Bsubscribe%2C24.0.0%2CN%3Bmessageservice%2C24.500.0%2CN%3Bclouds%2C24.100.0%2CN%3Bperfmon%2C24.0.0%2CN%3Blocation%2C24.100.0%2CN%3Btranslate%2C24.0.0%2CN%3Bsecurity%2C24.0.0%2CN%3Bseo%2C24.300.0%2CN%3Bblog%2C24.0.0%2CN%3Biblock%2C24.0.200%2CN%3Bhighloadblock%2C24.0.201%2CN%3Blanding%2C24.400.300%2CN%3Bforum%2C24.100.300%2CN%3Bbitrix.sitecorporate%2C24.0.0%2CN%3Bform%2C24.0.0%2CN%3Bphotogallery%2C24.100.0%2CN%3Bb24connector%2C24.0.0%2CN%3Bbitrixcloud%2C24.0.0%2CN%3Bsocialservices%2C24.0.200%2CN%3Bsearch%2C24.0.0%2CN%3Bvote%2C24.0.0%2CN%3Bui%2C24.300.0%2CN%3Brest%2C24.500.0%2CN&reqm=bitrix.sitecorporate&SUPD_SRS=RU&SUPD_CMP=N
2025-02-20 17:55:21 -  - exec CUpdateClientPartner::GetHTTPPage
2025-02-20 17:55:21 -  - TIME GetUpdatesList(request) 0.16 sec
2025-02-20 17:55:21 -  - exec CUpdateClientPartner::ParseServerData
2025-02-20 17:55:26 -  - exec CUpdateClientPartner::GetUpdatesList
2025-02-20 17:55:26 -  - exec CUpdateClientPartner::__CollectRequestData
2025-02-20 17:55:26 -  - utf=Y&lang=ru&stable=Y&CANGZIP=Y&SUPD_DBS=MYSQL&XE=N&CLIENT_SITE=konev.study.mcart.ru&LICENSE_KEY=X&SUPD_STS=1&SUPD_URS=0&TYPENC=D&CLIENT_PHPVER=8.1.31&NGINX=Y&dbv=8.0.40&instm=main%2C24.0.796%2CY%3Bfileman%2C24.100.0%2CN%3Bmobileapp%2C24.0.0%2CN%3Bsubscribe%2C24.0.0%2CN%3Bmessageservice%2C24.500.0%2CN%3Bclouds%2C24.100.0%2CN%3Bperfmon%2C24.0.0%2CN%3Blocation%2C24.100.0%2CN%3Btranslate%2C24.0.0%2CN%3Bsecurity%2C24.0.0%2CN%3Bseo%2C24.300.0%2CN%3Bblog%2C24.0.0%2CN%3Biblock%2C24.0.200%2CN%3Bhighloadblock%2C24.0.201%2CN%3Blanding%2C24.400.300%2CN%3Bforum%2C24.100.300%2CN%3Bbitrix.sitecorporate%2C24.0.0%2CN%3Bform%2C24.0.0%2CN%3Bphotogallery%2C24.100.0%2CN%3Bb24connector%2C24.0.0%2CN%3Bbitrixcloud%2C24.0.0%2CN%3Bsocialservices%2C24.0.200%2CN%3Bsearch%2C24.0.0%2CN%3Bvote%2C24.0.0%2CN%3Bui%2C24.300.0%2CN%3Brest%2C24.500.0%2CN&reqm=bitrix.sitecorporate&fullmoduleinfo=Y&SUPD_SRS=RU&SUPD_CMP=N
2025-02-20 17:55:26 -  - exec CUpdateClientPartner::GetHTTPPage
2025-02-20 17:55:26 -  - TIME GetUpdatesList(request) 0.156 sec
2025-02-20 17:55:26 -  - exec CUpdateClientPartner::ParseServerData
2025-02-20 20:14:07 -  - exec CUpdateClientPartner::GetUpdatesList
2025-02-20 20:14:07 -  - exec CUpdateClientPartner::__CollectRequestData
2025-02-20 20:14:07 -  - utf=Y&lang=ru&stable=Y&CANGZIP=Y&SUPD_DBS=MYSQL&XE=N&CLIENT_SITE=konev.study.mcart.ru&LICENSE_KEY=X&SUPD_STS=1&SUPD_URS=0&TYPENC=D&CLIENT_PHPVER=8.1.31&NGINX=Y&dbv=8.0.40&instm=main%2C24.0.796%2CY%3Bfileman%2C24.100.0%2CN%3Bmobileapp%2C24.0.0%2CN%3Bsubscribe%2C24.0.0%2CN%3Bmessageservice%2C24.500.0%2CN%3Bclouds%2C24.100.0%2CN%3Bperfmon%2C24.0.0%2CN%3Blocation%2C24.100.0%2CN%3Btranslate%2C24.0.0%2CN%3Bsecurity%2C24.0.0%2CN%3Bseo%2C24.300.0%2CN%3Bblog%2C24.0.0%2CN%3Biblock%2C24.0.200%2CN%3Bhighloadblock%2C24.0.201%2CN%3Blanding%2C24.400.300%2CN%3Bforum%2C24.100.300%2CN%3Bbitrix.sitecorporate%2C24.0.0%2CN%3Bform%2C24.0.0%2CN%3Bphotogallery%2C24.100.0%2CN%3Bb24connector%2C24.0.0%2CN%3Bbitrixcloud%2C24.0.0%2CN%3Bsocialservices%2C24.0.200%2CN%3Bsearch%2C24.0.0%2CN%3Bvote%2C24.0.0%2CN%3Bui%2C24.300.0%2CN%3Brest%2C24.500.0%2CN&reqm=bitrix.sitecorporate&SUPD_SRS=RU&SUPD_CMP=N
2025-02-20 20:14:07 -  - exec CUpdateClientPartner::GetHTTPPage
2025-02-20 20:14:07 -  - TIME GetUpdatesList(request) 0.12 sec
2025-02-20 20:14:07 -  - exec CUpdateClientPartner::ParseServerData
2025-02-20 20:14:10 -  - exec CUpdateClientPartner::GetUpdatesList
2025-02-20 20:14:10 -  - exec CUpdateClientPartner::__CollectRequestData
2025-02-20 20:14:10 -  - utf=Y&lang=ru&stable=Y&CANGZIP=Y&SUPD_DBS=MYSQL&XE=N&CLIENT_SITE=konev.study.mcart.ru&LICENSE_KEY=X&SUPD_STS=1&SUPD_URS=0&TYPENC=D&CLIENT_PHPVER=8.1.31&NGINX=Y&dbv=8.0.40&instm=main%2C24.0.796%2CY%3Bfileman%2C24.100.0%2CN%3Bmobileapp%2C24.0.0%2CN%3Bsubscribe%2C24.0.0%2CN%3Bmessageservice%2C24.500.0%2CN%3Bclouds%2C24.100.0%2CN%3Bperfmon%2C24.0.0%2CN%3Blocation%2C24.100.0%2CN%3Btranslate%2C24.0.0%2CN%3Bsecurity%2C24.0.0%2CN%3Bseo%2C24.300.0%2CN%3Bblog%2C24.0.0%2CN%3Biblock%2C24.0.200%2CN%3Bhighloadblock%2C24.0.201%2CN%3Blanding%2C24.400.300%2CN%3Bforum%2C24.100.300%2CN%3Bbitrix.sitecorporate%2C24.0.0%2CN%3Bform%2C24.0.0%2CN%3Bphotogallery%2C24.100.0%2CN%3Bb24connector%2C24.0.0%2CN%3Bbitrixcloud%2C24.0.0%2CN%3Bsocialservices%2C24.0.200%2CN%3Bsearch%2C24.0.0%2CN%3Bvote%2C24.0.0%2CN%3Bui%2C24.300.0%2CN%3Brest%2C24.500.0%2CN&reqm=bitrix.sitecorporate&SUPD_SRS=RU&SUPD_CMP=N
2025-02-20 20:14:10 -  - exec CUpdateClientPartner::GetHTTPPage
2025-02-20 20:14:10 -  - TIME GetUpdatesList(request) 0.121 sec
2025-02-20 20:14:10 -  - exec CUpdateClientPartner::ParseServerData
2025-02-20 20:17:25 -  - exec CUpdateClientPartner::GetUpdatesList
2025-02-20 20:17:25 -  - exec CUpdateClientPartner::__CollectRequestData
2025-02-20 20:17:25 -  - utf=Y&lang=ru&stable=Y&CANGZIP=Y&SUPD_DBS=MYSQL&XE=N&CLIENT_SITE=konev.study.mcart.ru&LICENSE_KEY=X&SUPD_STS=1&SUPD_URS=0&TYPENC=D&CLIENT_PHPVER=8.1.31&NGINX=Y&dbv=8.0.40&instm=main%2C24.0.796%2CY%3Bfileman%2C24.100.0%2CN%3Bmobileapp%2C24.0.0%2CN%3Bsubscribe%2C24.0.0%2CN%3Bmessageservice%2C24.500.0%2CN%3Bclouds%2C24.100.0%2CN%3Bperfmon%2C24.0.0%2CN%3Blocation%2C24.100.0%2CN%3Btranslate%2C24.0.0%2CN%3Bsecurity%2C24.0.0%2CN%3Bseo%2C24.300.0%2CN%3Bblog%2C24.0.0%2CN%3Biblock%2C24.0.200%2CN%3Bhighloadblock%2C24.0.201%2CN%3Blanding%2C24.400.300%2CN%3Bforum%2C24.100.300%2CN%3Bbitrix.sitecorporate%2C24.0.0%2CN%3Bform%2C24.0.0%2CN%3Bphotogallery%2C24.100.0%2CN%3Bb24connector%2C24.0.0%2CN%3Bbitrixcloud%2C24.0.0%2CN%3Bsocialservices%2C24.0.200%2CN%3Bsearch%2C24.0.0%2CN%3Bvote%2C24.0.0%2CN%3Bui%2C24.300.0%2CN%3Brest%2C24.500.0%2CN&reqm=bitrix.sitecorporate&fullmoduleinfo=Y&SUPD_SRS=RU&SUPD_CMP=N
2025-02-20 20:17:25 -  - exec CUpdateClientPartner::GetHTTPPage
2025-02-20 20:17:25 -  - TIME GetUpdatesList(request) 0.172 sec
2025-02-20 20:17:25 -  - exec CUpdateClientPartner::ParseServerData
2025-02-20 20:17:26 -  - exec CUpdateClientPartner::GetUpdatesList
2025-02-20 20:17:26 -  - exec CUpdateClientPartner::__CollectRequestData
2025-02-20 20:17:26 -  - utf=Y&lang=ru&stable=Y&CANGZIP=Y&SUPD_DBS=MYSQL&XE=N&CLIENT_SITE=konev.study.mcart.ru&LICENSE_KEY=X&SUPD_STS=1&SUPD_URS=0&TYPENC=D&CLIENT_PHPVER=8.1.31&NGINX=Y&dbv=8.0.40&instm=main%2C24.0.796%2CY%3Bfileman%2C24.100.0%2CN%3Bmobileapp%2C24.0.0%2CN%3Bsubscribe%2C24.0.0%2CN%3Bmessageservice%2C24.500.0%2CN%3Bclouds%2C24.100.0%2CN%3Bperfmon%2C24.0.0%2CN%3Blocation%2C24.100.0%2CN%3Btranslate%2C24.0.0%2CN%3Bsecurity%2C24.0.0%2CN%3Bseo%2C24.300.0%2CN%3Bblog%2C24.0.0%2CN%3Biblock%2C24.0.200%2CN%3Bhighloadblock%2C24.0.201%2CN%3Blanding%2C24.400.300%2CN%3Bforum%2C24.100.300%2CN%3Bbitrix.sitecorporate%2C24.0.0%2CN%3Bform%2C24.0.0%2CN%3Bphotogallery%2C24.100.0%2CN%3Bb24connector%2C24.0.0%2CN%3Bbitrixcloud%2C24.0.0%2CN%3Bsocialservices%2C24.0.200%2CN%3Bsearch%2C24.0.0%2CN%3Bvote%2C24.0.0%2CN%3Bui%2C24.300.0%2CN%3Brest%2C24.500.0%2CN&reqm=bitrix.sitecorporate&fullmoduleinfo=Y&SUPD_SRS=RU&SUPD_CMP=N
2025-02-20 20:17:26 -  - exec CUpdateClientPartner::GetHTTPPage
2025-02-20 20:17:27 -  - TIME GetUpdatesList(request) 0.171 sec
2025-02-20 20:17:27 -  - exec CUpdateClientPartner::ParseServerData
2025-02-20 20:17:32 -  - exec CUpdateClientPartner::GetUpdatesList
2025-02-20 20:17:32 -  - exec CUpdateClientPartner::__CollectRequestData
2025-02-20 20:17:32 -  - utf=Y&lang=ru&stable=Y&CANGZIP=Y&SUPD_DBS=MYSQL&XE=N&CLIENT_SITE=konev.study.mcart.ru&LICENSE_KEY=X&SUPD_STS=1&SUPD_URS=0&TYPENC=D&CLIENT_PHPVER=8.1.31&NGINX=Y&dbv=8.0.40&instm=main%2C24.0.796%2CY%3Bfileman%2C24.100.0%2CN%3Bmobileapp%2C24.0.0%2CN%3Bsubscribe%2C24.0.0%2CN%3Bmessageservice%2C24.500.0%2CN%3Bclouds%2C24.100.0%2CN%3Bperfmon%2C24.0.0%2CN%3Blocation%2C24.100.0%2CN%3Btranslate%2C24.0.0%2CN%3Bsecurity%2C24.0.0%2CN%3Bseo%2C24.300.0%2CN%3Bblog%2C24.0.0%2CN%3Biblock%2C24.0.200%2CN%3Bhighloadblock%2C24.0.201%2CN%3Blanding%2C24.400.300%2CN%3Bforum%2C24.100.300%2CN%3Bbitrix.sitecorporate%2C24.0.0%2CN%3Bform%2C24.0.0%2CN%3Bphotogallery%2C24.100.0%2CN%3Bb24connector%2C24.0.0%2CN%3Bbitrixcloud%2C24.0.0%2CN%3Bsocialservices%2C24.0.200%2CN%3Bsearch%2C24.0.0%2CN%3Bvote%2C24.0.0%2CN%3Bui%2C24.300.0%2CN%3Brest%2C24.500.0%2CN&reqm=bitrix.sitecorporate&fullmoduleinfo=Y&SUPD_SRS=RU&SUPD_CMP=N
2025-02-20 20:17:32 -  - exec CUpdateClientPartner::GetHTTPPage
2025-02-20 20:17:32 -  - TIME GetUpdatesList(request) 0.186 sec
2025-02-20 20:17:32 -  - exec CUpdateClientPartner::ParseServerData
2025-02-20 20:17:36 -  - exec CUpdateClientPartner::GetUpdatesList
2025-02-20 20:17:36 -  - exec CUpdateClientPartner::__CollectRequestData
2025-02-20 20:17:36 -  - utf=Y&lang=ru&stable=Y&CANGZIP=Y&SUPD_DBS=MYSQL&XE=N&CLIENT_SITE=konev.study.mcart.ru&LICENSE_KEY=X&SUPD_STS=1&SUPD_URS=0&TYPENC=D&CLIENT_PHPVER=8.1.31&NGINX=Y&dbv=8.0.40&instm=main%2C24.0.796%2CY%3Bfileman%2C24.100.0%2CN%3Bmobileapp%2C24.0.0%2CN%3Bsubscribe%2C24.0.0%2CN%3Bmessageservice%2C24.500.0%2CN%3Bclouds%2C24.100.0%2CN%3Bperfmon%2C24.0.0%2CN%3Blocation%2C24.100.0%2CN%3Btranslate%2C24.0.0%2CN%3Bsecurity%2C24.0.0%2CN%3Bseo%2C24.300.0%2CN%3Bblog%2C24.0.0%2CN%3Biblock%2C24.0.200%2CN%3Bhighloadblock%2C24.0.201%2CN%3Blanding%2C24.400.300%2CN%3Bforum%2C24.100.300%2CN%3Bbitrix.sitecorporate%2C24.0.0%2CN%3Bform%2C24.0.0%2CN%3Bphotogallery%2C24.100.0%2CN%3Bb24connector%2C24.0.0%2CN%3Bbitrixcloud%2C24.0.0%2CN%3Bsocialservices%2C24.0.200%2CN%3Bsearch%2C24.0.0%2CN%3Bvote%2C24.0.0%2CN%3Bui%2C24.300.0%2CN%3Brest%2C24.500.0%2CN&reqm=bitrix.sitecorporate&SUPD_SRS=RU&SUPD_CMP=N
2025-02-20 20:17:36 -  - exec CUpdateClientPartner::GetHTTPPage
2025-02-20 20:17:36 -  - TIME GetUpdatesList(request) 0.163 sec
2025-02-20 20:17:36 -  - exec CUpdateClientPartner::ParseServerData
2025-02-20 20:17:48 -  - exec CUpdateClientPartner::GetUpdatesList
2025-02-20 20:17:48 -  - exec CUpdateClientPartner::__CollectRequestData
2025-02-20 20:17:48 -  - utf=Y&lang=ru&stable=Y&CANGZIP=Y&SUPD_DBS=MYSQL&XE=N&CLIENT_SITE=konev.study.mcart.ru&LICENSE_KEY=X&SUPD_STS=1&SUPD_URS=0&TYPENC=D&CLIENT_PHPVER=8.1.31&NGINX=Y&dbv=8.0.40&instm=main%2C24.0.796%2CY%3Bfileman%2C24.100.0%2CN%3Bmobileapp%2C24.0.0%2CN%3Bsubscribe%2C24.0.0%2CN%3Bmessageservice%2C24.500.0%2CN%3Bclouds%2C24.100.0%2CN%3Bperfmon%2C24.0.0%2CN%3Blocation%2C24.100.0%2CN%3Btranslate%2C24.0.0%2CN%3Bsecurity%2C24.0.0%2CN%3Bseo%2C24.300.0%2CN%3Bblog%2C24.0.0%2CN%3Biblock%2C24.0.200%2CN%3Bhighloadblock%2C24.0.201%2CN%3Blanding%2C24.400.300%2CN%3Bforum%2C24.100.300%2CN%3Bbitrix.sitecorporate%2C24.0.0%2CN%3Bform%2C24.0.0%2CN%3Bphotogallery%2C24.100.0%2CN%3Bb24connector%2C24.0.0%2CN%3Bbitrixcloud%2C24.0.0%2CN%3Bsocialservices%2C24.0.200%2CN%3Bsearch%2C24.0.0%2CN%3Bvote%2C24.0.0%2CN%3Bui%2C24.300.0%2CN%3Brest%2C24.500.0%2CN&reqm=bitrix.sitecorporate&fullmoduleinfo=Y&SUPD_SRS=RU&SUPD_CMP=N
2025-02-20 20:17:48 -  - exec CUpdateClientPartner::GetHTTPPage
2025-02-20 20:17:48 -  - TIME GetUpdatesList(request) 0.178 sec
2025-02-20 20:17:48 -  - exec CUpdateClientPartner::ParseServerData
2025-02-20 20:19:20 -  - exec CUpdateClientPartner::GetUpdatesList
2025-02-20 20:19:20 -  - exec CUpdateClientPartner::__CollectRequestData
2025-02-20 20:19:20 -  - utf=Y&lang=ru&stable=Y&CANGZIP=Y&SUPD_DBS=MYSQL&XE=N&CLIENT_SITE=konev.study.mcart.ru&LICENSE_KEY=X&SUPD_STS=1&SUPD_URS=0&TYPENC=D&CLIENT_PHPVER=8.1.31&NGINX=Y&dbv=8.0.40&instm=main%2C24.0.796%2CY%3Bfileman%2C24.100.0%2CN%3Bmobileapp%2C24.0.0%2CN%3Bsubscribe%2C24.0.0%2CN%3Bmessageservice%2C24.500.0%2CN%3Bclouds%2C24.100.0%2CN%3Bperfmon%2C24.0.0%2CN%3Blocation%2C24.100.0%2CN%3Btranslate%2C24.0.0%2CN%3Bsecurity%2C24.0.0%2CN%3Bseo%2C24.300.0%2CN%3Bblog%2C24.0.0%2CN%3Biblock%2C24.0.200%2CN%3Bhighloadblock%2C24.0.201%2CN%3Blanding%2C24.400.300%2CN%3Bforum%2C24.100.300%2CN%3Bbitrix.sitecorporate%2C24.0.0%2CN%3Bform%2C24.0.0%2CN%3Bphotogallery%2C24.100.0%2CN%3Bb24connector%2C24.0.0%2CN%3Bbitrixcloud%2C24.0.0%2CN%3Bsocialservices%2C24.0.200%2CN%3Bsearch%2C24.0.0%2CN%3Bvote%2C24.0.0%2CN%3Bui%2C24.300.0%2CN%3Brest%2C24.500.0%2CN&reqm=bitrix.sitecorporate&SUPD_SRS=RU&SUPD_CMP=N
2025-02-20 20:19:20 -  - exec CUpdateClientPartner::GetHTTPPage
2025-02-20 20:19:21 -  - TIME GetUpdatesList(request) 0.518 sec
2025-02-20 20:19:21 -  - exec CUpdateClientPartner::ParseServerData
