2025-Feb-21 13:32:08 Наличие необходимых модулей php (check_php_modules): Ok
Все необходимые модули установлены
2025-Feb-21 13:32:08 Обязательные параметры PHP (check_php_settings): Ok
Настройки правильные
2025-Feb-21 13:32:08 Модули веб-сервера (check_security): Ok
Конфликтов не выявлено
2025-Feb-21 13:32:08 Значения переменных сервера (check_server_vars): Ok
Корректные
2025-Feb-21 13:32:08 Сохранение сессии (check_session): Ok
50% done
2025-Feb-21 13:32:08 Сохранение сессии (check_session): Fail
Ошибка! Не работает
2025-Feb-21 13:32:08 Параметры настройки UTF (mbstring и константа BX_UTF) (check_mbstring): Ok
Правильные. Сайт работает в UTF кодировке
2025-Feb-21 13:32:08 Служебные скрипты в корне сайта (check_install_scripts): Ok
Отсутствуют
2025-Feb-21 13:32:08 Работа с сокетами (check_socket): Ok
Connection to ssl://konev.study.mcart.ru:443	Success

Успешно
2025-Feb-21 13:32:08 Выполнение агентов на cron (check_bx_crontab): Ok
Успешно
2025-Feb-21 13:32:08 Лишний вывод в файлах конфигурации (check_dbconn): Ok
Connection to ssl://konev.study.mcart.ru:443	Success

Успешно
2025-Feb-21 13:32:08 Сохранение сессии без UserAgent (check_session_ua): Ok
50% done
Connection to ssl://konev.study.mcart.ru:443	Success

2025-Feb-21 13:32:08 Сохранение сессии без UserAgent (check_session_ua): Ok
Connection to ssl://konev.study.mcart.ru:443	Success

Успешно
2025-Feb-21 13:32:08 Настройки сайтов (check_sites): Ok
Правильные
2025-Feb-21 13:32:09 Размер стека и pcre.recursion_limit (check_pcre_recursion): Ok
Connection to ssl://konev.study.mcart.ru:443	Success

Успешно
2025-Feb-21 13:32:09 Загрузка файла (check_upload): Ok
Connection to ssl://konev.study.mcart.ru:443	Success

Успешно
2025-Feb-21 13:32:09 Загрузка файла больше 4Мб (check_upload_big): Ok
Connection to ssl://konev.study.mcart.ru:443	Success

Успешно
2025-Feb-21 13:32:09 Загрузка файла через php://input (check_upload_raw): Ok
Connection to ssl://konev.study.mcart.ru:443	Success

Успешно
2025-Feb-21 13:32:09 Передача POST запроса с большим числом параметров (check_post): Ok
Connection to ssl://konev.study.mcart.ru:443	Success

Успешно
2025-Feb-21 13:32:09 Отправка почты (check_mail): Ok
Успешно
2025-Feb-21 13:32:09 Отправка почтового сообщения больше 64Кб (check_mail_big): Ok
Успешно
2025-Feb-21 13:32:09 Проверка на наличие неотправленных сообщений (check_mail_b_event): Ok
Успешно
2025-Feb-21 13:32:09 Внутреннее перенаправление (функция LocalRedirect) (check_localredirect): Ok
50% done
Connection to ssl://konev.study.mcart.ru:443	Success

2025-Feb-21 13:32:09 Внутреннее перенаправление (функция LocalRedirect) (check_localredirect): Ok
Connection to ssl://konev.study.mcart.ru:443	Success

Успешно
2025-Feb-21 13:32:09 Фактическое ограничение памяти (check_memory_limit): Ok
20% done
Connection to ssl://konev.study.mcart.ru:443	Success

2025-Feb-21 13:32:09 Фактическое ограничение памяти (check_memory_limit): Ok
40% done
Connection to ssl://konev.study.mcart.ru:443	Success

2025-Feb-21 13:32:09 Фактическое ограничение памяти (check_memory_limit): Ok
60% done
Connection to ssl://konev.study.mcart.ru:443	Success

