2025-Feb-20 19:57:33 Наличие необходимых модулей php (check_php_modules): Ok
Все необходимые модули установлены
2025-Feb-20 19:57:33 Обязательные параметры PHP (check_php_settings): Ok
Настройки правильные
2025-Feb-20 19:57:33 Модули веб-сервера (check_security): Ok
Конфликтов не выявлено
2025-Feb-20 19:57:33 Значения переменных сервера (check_server_vars): Ok
Корректные
2025-Feb-20 19:57:33 Сохранение сессии (check_session): Ok
50% done
2025-Feb-20 19:57:33 Сохранение сессии (check_session): Fail
Ошибка! Не работает
2025-Feb-20 19:57:33 Параметры настройки UTF (mbstring и константа BX_UTF) (check_mbstring): Ok
Правильные. Сайт работает в UTF кодировке
2025-Feb-20 19:57:33 Служебные скрипты в корне сайта (check_install_scripts): Ok
Отсутствуют
2025-Feb-20 19:57:33 Работа с сокетами (check_socket): Ok
Connection to ssl://konev.study.mcart.ru:443	Success

Успешно
2025-Feb-20 19:57:33 Выполнение агентов на cron (check_bx_crontab): Ok
Успешно
2025-Feb-20 19:57:33 Лишний вывод в файлах конфигурации (check_dbconn): Ok
Connection to ssl://konev.study.mcart.ru:443	Success

Успешно
2025-Feb-20 19:57:33 Сохранение сессии без UserAgent (check_session_ua): Ok
50% done
Connection to ssl://konev.study.mcart.ru:443	Success

2025-Feb-20 19:57:33 Сохранение сессии без UserAgent (check_session_ua): Ok
Connection to ssl://konev.study.mcart.ru:443	Success

Успешно
2025-Feb-20 19:57:33 Настройки сайтов (check_sites): Ok
Правильные
2025-Feb-20 19:57:33 Размер стека и pcre.recursion_limit (check_pcre_recursion): Ok
Connection to ssl://konev.study.mcart.ru:443	Success

Успешно
2025-Feb-20 19:57:33 Загрузка файла (check_upload): Ok
Connection to ssl://konev.study.mcart.ru:443	Success

Успешно
2025-Feb-20 19:57:33 Загрузка файла больше 4Мб (check_upload_big): Ok
Connection to ssl://konev.study.mcart.ru:443	Success

Успешно
2025-Feb-20 19:57:33 Загрузка файла через php://input (check_upload_raw): Ok
Connection to ssl://konev.study.mcart.ru:443	Success

Успешно
2025-Feb-20 19:57:33 Передача POST запроса с большим числом параметров (check_post): Ok
Connection to ssl://konev.study.mcart.ru:443	Success

Успешно
2025-Feb-20 19:57:34 Отправка почты (check_mail): Ok
Успешно
2025-Feb-20 19:57:34 Отправка почтового сообщения больше 64Кб (check_mail_big): Ok
Успешно
2025-Feb-20 19:57:34 Проверка на наличие неотправленных сообщений (check_mail_b_event): Ok
Успешно
2025-Feb-20 19:57:34 Внутреннее перенаправление (функция LocalRedirect) (check_localredirect): Ok
50% done
Connection to ssl://konev.study.mcart.ru:443	Success

2025-Feb-20 19:57:34 Внутреннее перенаправление (функция LocalRedirect) (check_localredirect): Ok
Connection to ssl://konev.study.mcart.ru:443	Success

Успешно
2025-Feb-20 19:57:34 Фактическое ограничение памяти (check_memory_limit): Ok
20% done
Connection to ssl://konev.study.mcart.ru:443	Success

2025-Feb-20 19:57:34 Фактическое ограничение памяти (check_memory_limit): Ok
40% done
Connection to ssl://konev.study.mcart.ru:443	Success

2025-Feb-20 19:57:34 Фактическое ограничение памяти (check_memory_limit): Ok
60% done
Connection to ssl://konev.study.mcart.ru:443	Success

2025-Feb-20 19:57:34 Фактическое ограничение памяти (check_memory_limit): Ok
80% done
Connection to ssl://konev.study.mcart.ru:443	Success

2025-Feb-20 19:57:34 Фактическое ограничение памяти (check_memory_limit): Ok
Connection to ssl://konev.study.mcart.ru:443	Success

Не менее 256 М
2025-Feb-20 19:57:34 Работа с файлами кеша (check_cache): Ok
Успешно
2025-Feb-20 19:57:34 Доступ к серверу обновлений (check_update): Ok
Успешно
2025-Feb-20 19:57:34 HTTP авторизация (check_http_auth): Ok
Connection to ssl://konev.study.mcart.ru:443	Success

Успешно
2025-Feb-20 19:57:34 Создание и запуск файла (check_exec): Ok
Connection to ssl://konev.study.mcart.ru:443	Success

Успешно
2025-Feb-20 19:57:34 Функция getimagesize для swf (check_getimagesize): Ok
Успешно
2025-Feb-20 19:57:35 Версия MySQL-сервера (check_mysql_bug_version): Ok
Успешно
2025-Feb-20 19:57:36 Время на БД и веб-сервере (check_mysql_time): Ok
Успешно
2025-Feb-20 19:57:36 Режим работы MySQL (check_mysql_mode): Ok
Успешно
2025-Feb-20 19:57:36 Кодировка соединения (check_mysql_connection_charset): Ok
character_set_connection=utf8mb4, collation_connection=utf8mb4_0900_ai_ci, character_set_results=utf8mb4
Успешно
2025-Feb-20 19:57:36 Кодировка базы данных (check_mysql_db_charset): Ok
CHARSET=utf8mb4, COLLATION=utf8mb4_0900_ai_ci
Успешно
2025-Feb-20 19:57:36 Формат хранения таблиц в БД (check_mysql_table_format): Ok
Успешно
2025-Feb-20 19:57:36 Кодировки таблиц в БД (check_mysql_table_charset): Ok
Успешно
2025-Feb-20 19:57:37 Структура базы данных (check_mysql_table_structure): Ok
0% done
2025-Feb-20 19:57:37 Структура базы данных (check_mysql_table_structure): Ok
4% done
2025-Feb-20 19:57:54 Структура базы данных (check_mysql_table_structure): Ok
8% done
2025-Feb-20 19:57:56 Структура базы данных (check_mysql_table_structure): Ok
12% done
2025-Feb-20 19:57:57 Структура базы данных (check_mysql_table_structure): Ok
16% done
2025-Feb-20 19:57:58 Структура базы данных (check_mysql_table_structure): Ok
20% done
2025-Feb-20 19:58:02 Структура базы данных (check_mysql_table_structure): Ok
24% done
2025-Feb-20 19:58:03 Структура базы данных (check_mysql_table_structure): Ok
28% done
2025-Feb-20 19:58:04 Структура базы данных (check_mysql_table_structure): Ok
32% done
2025-Feb-20 19:58:06 Структура базы данных (check_mysql_table_structure): Ok
36% done
2025-Feb-20 19:58:10 Структура базы данных (check_mysql_table_structure): Ok
40% done
2025-Feb-20 19:58:13 Структура базы данных (check_mysql_table_structure): Ok
44% done
2025-Feb-20 19:58:17 Структура базы данных (check_mysql_table_structure): Ok
48% done
2025-Feb-20 19:58:18 Структура базы данных (check_mysql_table_structure): Ok
52% done
2025-Feb-20 19:58:25 Структура базы данных (check_mysql_table_structure): Ok
56% done
2025-Feb-20 19:58:30 Структура базы данных (check_mysql_table_structure): Ok
60% done
2025-Feb-20 19:58:32 Структура базы данных (check_mysql_table_structure): Ok
64% done
2025-Feb-20 19:58:32 Структура базы данных (check_mysql_table_structure): Ok
68% done
2025-Feb-20 19:58:32 Структура базы данных (check_mysql_table_structure): Ok
72% done
2025-Feb-20 19:58:32 Структура базы данных (check_mysql_table_structure): Ok
76% done
2025-Feb-20 19:58:34 Структура базы данных (check_mysql_table_structure): Ok
80% done
2025-Feb-20 19:58:36 Структура базы данных (check_mysql_table_structure): Ok
84% done
2025-Feb-20 19:58:38 Структура базы данных (check_mysql_table_structure): Ok
88% done
2025-Feb-20 19:58:39 Структура базы данных (check_mysql_table_structure): Ok
92% done
2025-Feb-20 19:58:42 Структура базы данных (check_mysql_table_structure): Ok
96% done
2025-Feb-20 19:58:42 Структура базы данных (check_mysql_table_structure): Ok
Успешно
